{"D:\\Projects\\Node\\DesafioNode\\frontend\\src\\enum\\financial-post-type.enum.ts": {"path":"D:\\Projects\\Node\\DesafioNode\\frontend\\src\\enum\\financial-post-type.enum.ts","all":false,"statementMap":{"0":{"start":{"line":1,"column":0},"end":{"line":1,"column":35}},"1":{"start":{"line":2,"column":0},"end":{"line":2,"column":20}},"2":{"start":{"line":3,"column":0},"end":{"line":3,"column":22}},"3":{"start":{"line":4,"column":0},"end":{"line":4,"column":1}}},"s":{"0":1,"1":1,"2":1,"3":1},"branchMap":{"0":{"type":"branch","line":1,"loc":{"start":{"line":1,"column":12},"end":{"line":1,"column":33}},"locations":[{"start":{"line":1,"column":12},"end":{"line":1,"column":33}}]}},"b":{"0":[1]},"fnMap":{},"f":{}}
,"D:\\Projects\\Node\\DesafioNode\\frontend\\src\\pages\\financial-post\\index.tsx": {"path":"D:\\Projects\\Node\\DesafioNode\\frontend\\src\\pages\\financial-post\\index.tsx","all":false,"statementMap":{"0":{"start":{"line":1,"column":0},"end":{"line":1,"column":40}},"1":{"start":{"line":2,"column":0},"end":{"line":2,"column":0}},"2":{"start":{"line":3,"column":0},"end":{"line":3,"column":47}},"3":{"start":{"line":4,"column":0},"end":{"line":4,"column":0}},"4":{"start":{"line":5,"column":0},"end":{"line":5,"column":42}},"5":{"start":{"line":6,"column":0},"end":{"line":6,"column":38}},"6":{"start":{"line":7,"column":0},"end":{"line":7,"column":115}},"7":{"start":{"line":8,"column":0},"end":{"line":8,"column":76}},"8":{"start":{"line":9,"column":0},"end":{"line":9,"column":45}},"9":{"start":{"line":10,"column":0},"end":{"line":10,"column":38}},"10":{"start":{"line":11,"column":0},"end":{"line":11,"column":35}},"11":{"start":{"line":12,"column":0},"end":{"line":12,"column":49}},"12":{"start":{"line":13,"column":0},"end":{"line":13,"column":82}},"13":{"start":{"line":14,"column":0},"end":{"line":14,"column":68}},"14":{"start":{"line":15,"column":0},"end":{"line":15,"column":49}},"15":{"start":{"line":16,"column":0},"end":{"line":16,"column":51}},"16":{"start":{"line":17,"column":0},"end":{"line":17,"column":0}},"17":{"start":{"line":18,"column":0},"end":{"line":18,"column":48}},"18":{"start":{"line":19,"column":0},"end":{"line":19,"column":35}},"19":{"start":{"line":20,"column":0},"end":{"line":20,"column":137}},"20":{"start":{"line":21,"column":0},"end":{"line":21,"column":48}},"21":{"start":{"line":22,"column":0},"end":{"line":22,"column":117}},"22":{"start":{"line":23,"column":0},"end":{"line":23,"column":35}},"23":{"start":{"line":24,"column":0},"end":{"line":24,"column":4}},"24":{"start":{"line":25,"column":0},"end":{"line":25,"column":0}},"25":{"start":{"line":26,"column":0},"end":{"line":26,"column":126}},"26":{"start":{"line":27,"column":0},"end":{"line":27,"column":40}},"27":{"start":{"line":28,"column":0},"end":{"line":28,"column":72}},"28":{"start":{"line":29,"column":0},"end":{"line":29,"column":5}},"29":{"start":{"line":30,"column":0},"end":{"line":30,"column":0}},"30":{"start":{"line":31,"column":0},"end":{"line":31,"column":45}},"31":{"start":{"line":32,"column":0},"end":{"line":32,"column":38}},"32":{"start":{"line":33,"column":0},"end":{"line":33,"column":47}},"33":{"start":{"line":34,"column":0},"end":{"line":34,"column":45}},"34":{"start":{"line":35,"column":0},"end":{"line":35,"column":9}},"35":{"start":{"line":36,"column":0},"end":{"line":36,"column":42}},"36":{"start":{"line":37,"column":0},"end":{"line":37,"column":50}},"37":{"start":{"line":38,"column":0},"end":{"line":38,"column":44}},"38":{"start":{"line":39,"column":0},"end":{"line":39,"column":35}},"39":{"start":{"line":40,"column":0},"end":{"line":40,"column":16}},"40":{"start":{"line":41,"column":0},"end":{"line":41,"column":39}},"41":{"start":{"line":42,"column":0},"end":{"line":42,"column":9}},"42":{"start":{"line":43,"column":0},"end":{"line":43,"column":57}},"43":{"start":{"line":44,"column":0},"end":{"line":44,"column":5}},"44":{"start":{"line":45,"column":0},"end":{"line":45,"column":0}},"45":{"start":{"line":46,"column":0},"end":{"line":46,"column":38}},"46":{"start":{"line":47,"column":0},"end":{"line":47,"column":13}},"47":{"start":{"line":48,"column":0},"end":{"line":48,"column":76}},"48":{"start":{"line":49,"column":0},"end":{"line":49,"column":43}},"49":{"start":{"line":50,"column":0},"end":{"line":50,"column":84}},"50":{"start":{"line":51,"column":0},"end":{"line":51,"column":29}},"51":{"start":{"line":52,"column":0},"end":{"line":52,"column":25}},"52":{"start":{"line":53,"column":0},"end":{"line":53,"column":30}},"53":{"start":{"line":54,"column":0},"end":{"line":54,"column":9}},"54":{"start":{"line":55,"column":0},"end":{"line":55,"column":5}},"55":{"start":{"line":56,"column":0},"end":{"line":56,"column":0}},"56":{"start":{"line":57,"column":0},"end":{"line":57,"column":20}},"57":{"start":{"line":58,"column":0},"end":{"line":58,"column":38}},"58":{"start":{"line":59,"column":0},"end":{"line":59,"column":141}},"59":{"start":{"line":60,"column":0},"end":{"line":60,"column":0}},"60":{"start":{"line":61,"column":0},"end":{"line":61,"column":112}},"61":{"start":{"line":62,"column":0},"end":{"line":62,"column":14}},"62":{"start":{"line":63,"column":0},"end":{"line":63,"column":6}},"63":{"start":{"line":64,"column":0},"end":{"line":64,"column":0}},"64":{"start":{"line":65,"column":0},"end":{"line":65,"column":12}},"65":{"start":{"line":66,"column":0},"end":{"line":66,"column":35}},"66":{"start":{"line":67,"column":0},"end":{"line":67,"column":65}},"67":{"start":{"line":68,"column":0},"end":{"line":68,"column":41}},"68":{"start":{"line":69,"column":0},"end":{"line":69,"column":171}},"69":{"start":{"line":70,"column":0},"end":{"line":70,"column":0}},"70":{"start":{"line":71,"column":0},"end":{"line":71,"column":232}},"71":{"start":{"line":72,"column":0},"end":{"line":72,"column":0}},"72":{"start":{"line":73,"column":0},"end":{"line":73,"column":125}},"73":{"start":{"line":74,"column":0},"end":{"line":74,"column":84}},"74":{"start":{"line":75,"column":0},"end":{"line":75,"column":22}},"75":{"start":{"line":76,"column":0},"end":{"line":76,"column":19}},"76":{"start":{"line":77,"column":0},"end":{"line":77,"column":14}},"77":{"start":{"line":78,"column":0},"end":{"line":78,"column":5}},"78":{"start":{"line":79,"column":0},"end":{"line":79,"column":1}},"79":{"start":{"line":80,"column":0},"end":{"line":80,"column":0}},"80":{"start":{"line":81,"column":0},"end":{"line":81,"column":38}}},"s":{"0":1,"1":1,"2":1,"3":1,"4":1,"5":1,"6":1,"7":1,"8":1,"9":1,"10":1,"11":1,"12":1,"13":1,"14":1,"15":1,"16":1,"17":1,"18":5,"19":5,"20":5,"21":5,"22":5,"23":5,"24":5,"25":5,"26":2,"27":2,"28":2,"29":5,"30":5,"31":0,"32":0,"33":0,"34":0,"35":0,"36":0,"37":0,"38":0,"39":0,"40":0,"41":0,"42":0,"43":0,"44":5,"45":5,"46":2,"47":2,"48":2,"49":2,"50":2,"51":2,"52":0,"53":0,"54":2,"55":5,"56":5,"57":5,"58":5,"59":5,"60":5,"61":5,"62":5,"63":5,"64":5,"65":5,"66":5,"67":5,"68":5,"69":5,"70":5,"71":5,"72":5,"73":5,"74":5,"75":5,"76":5,"77":5,"78":5,"79":1,"80":1},"branchMap":{"0":{"type":"branch","line":18,"loc":{"start":{"line":18,"column":41},"end":{"line":79,"column":1}},"locations":[{"start":{"line":18,"column":41},"end":{"line":79,"column":1}}]},"1":{"type":"branch","line":26,"loc":{"start":{"line":26,"column":29},"end":{"line":29,"column":5}},"locations":[{"start":{"line":26,"column":29},"end":{"line":29,"column":5}}]},"2":{"type":"branch","line":28,"loc":{"start":{"line":28,"column":20},"end":{"line":28,"column":72}},"locations":[{"start":{"line":28,"column":20},"end":{"line":28,"column":72}}]},"3":{"type":"branch","line":46,"loc":{"start":{"line":46,"column":25},"end":{"line":55,"column":5}},"locations":[{"start":{"line":46,"column":25},"end":{"line":55,"column":5}}]},"4":{"type":"branch","line":52,"loc":{"start":{"line":52,"column":10},"end":{"line":54,"column":9}},"locations":[{"start":{"line":52,"column":10},"end":{"line":54,"column":9}}]},"5":{"type":"branch","line":59,"loc":{"start":{"line":59,"column":98},"end":{"line":59,"column":120}},"locations":[{"start":{"line":59,"column":98},"end":{"line":59,"column":120}}]},"6":{"type":"branch","line":69,"loc":{"start":{"line":69,"column":141},"end":{"line":69,"column":171}},"locations":[{"start":{"line":69,"column":141},"end":{"line":69,"column":171}}]}},"b":{"0":[5],"1":[2],"2":[2],"3":[2],"4":[0],"5":[2],"6":[2]},"fnMap":{"0":{"name":"FinancialPostComponent","decl":{"start":{"line":18,"column":41},"end":{"line":79,"column":1}},"loc":{"start":{"line":18,"column":41},"end":{"line":79,"column":1}},"line":18},"1":{"name":"handleFormChange","decl":{"start":{"line":26,"column":29},"end":{"line":29,"column":5}},"loc":{"start":{"line":26,"column":29},"end":{"line":29,"column":5}},"line":26},"2":{"name":"handleError","decl":{"start":{"line":31,"column":24},"end":{"line":44,"column":5}},"loc":{"start":{"line":31,"column":24},"end":{"line":44,"column":5}},"line":31},"3":{"name":"handleCreate","decl":{"start":{"line":46,"column":25},"end":{"line":55,"column":5}},"loc":{"start":{"line":46,"column":25},"end":{"line":55,"column":5}},"line":46},"4":{"name":"onClick","decl":{"start":{"line":59,"column":98},"end":{"line":59,"column":120}},"loc":{"start":{"line":59,"column":98},"end":{"line":59,"column":120}},"line":59},"5":{"name":"onClick","decl":{"start":{"line":61,"column":63},"end":{"line":61,"column":88}},"loc":{"start":{"line":61,"column":63},"end":{"line":61,"column":88}},"line":61},"6":{"name":"onChange","decl":{"start":{"line":69,"column":141},"end":{"line":69,"column":171}},"loc":{"start":{"line":69,"column":141},"end":{"line":69,"column":171}},"line":69},"7":{"name":"onValueChange","decl":{"start":{"line":71,"column":156},"end":{"line":71,"column":184}},"loc":{"start":{"line":71,"column":156},"end":{"line":71,"column":184}},"line":71},"8":{"name":"onChange","decl":{"start":{"line":73,"column":74},"end":{"line":73,"column":102}},"loc":{"start":{"line":73,"column":74},"end":{"line":73,"column":102}},"line":73}},"f":{"0":5,"1":2,"2":0,"3":2,"4":2,"5":0,"6":2,"7":0,"8":0}}
,"D:\\Projects\\Node\\DesafioNode\\frontend\\src\\pages\\login\\index.tsx": {"path":"D:\\Projects\\Node\\DesafioNode\\frontend\\src\\pages\\login\\index.tsx","all":false,"statementMap":{"0":{"start":{"line":1,"column":0},"end":{"line":1,"column":43}},"1":{"start":{"line":2,"column":0},"end":{"line":2,"column":40}},"2":{"start":{"line":3,"column":0},"end":{"line":3,"column":49}},"3":{"start":{"line":4,"column":0},"end":{"line":4,"column":47}},"4":{"start":{"line":5,"column":0},"end":{"line":5,"column":43}},"5":{"start":{"line":6,"column":0},"end":{"line":6,"column":45}},"6":{"start":{"line":7,"column":0},"end":{"line":7,"column":35}},"7":{"start":{"line":8,"column":0},"end":{"line":8,"column":71}},"8":{"start":{"line":9,"column":0},"end":{"line":9,"column":38}},"9":{"start":{"line":10,"column":0},"end":{"line":10,"column":0}},"10":{"start":{"line":11,"column":0},"end":{"line":11,"column":40}},"11":{"start":{"line":12,"column":0},"end":{"line":12,"column":35}},"12":{"start":{"line":13,"column":0},"end":{"line":13,"column":84}},"13":{"start":{"line":14,"column":0},"end":{"line":14,"column":38}},"14":{"start":{"line":15,"column":0},"end":{"line":15,"column":35}},"15":{"start":{"line":16,"column":0},"end":{"line":16,"column":4}},"16":{"start":{"line":17,"column":0},"end":{"line":17,"column":0}},"17":{"start":{"line":18,"column":0},"end":{"line":18,"column":74}},"18":{"start":{"line":19,"column":0},"end":{"line":19,"column":40}},"19":{"start":{"line":20,"column":0},"end":{"line":20,"column":72}},"20":{"start":{"line":21,"column":0},"end":{"line":21,"column":5}},"21":{"start":{"line":22,"column":0},"end":{"line":22,"column":0}},"22":{"start":{"line":23,"column":0},"end":{"line":23,"column":45}},"23":{"start":{"line":24,"column":0},"end":{"line":24,"column":38}},"24":{"start":{"line":25,"column":0},"end":{"line":25,"column":47}},"25":{"start":{"line":26,"column":0},"end":{"line":26,"column":45}},"26":{"start":{"line":27,"column":0},"end":{"line":27,"column":9}},"27":{"start":{"line":28,"column":0},"end":{"line":28,"column":42}},"28":{"start":{"line":29,"column":0},"end":{"line":29,"column":50}},"29":{"start":{"line":30,"column":0},"end":{"line":30,"column":44}},"30":{"start":{"line":31,"column":0},"end":{"line":31,"column":35}},"31":{"start":{"line":32,"column":0},"end":{"line":32,"column":16}},"32":{"start":{"line":33,"column":0},"end":{"line":33,"column":39}},"33":{"start":{"line":34,"column":0},"end":{"line":34,"column":9}},"34":{"start":{"line":35,"column":0},"end":{"line":35,"column":57}},"35":{"start":{"line":36,"column":0},"end":{"line":36,"column":5}},"36":{"start":{"line":37,"column":0},"end":{"line":37,"column":0}},"37":{"start":{"line":38,"column":0},"end":{"line":38,"column":37}},"38":{"start":{"line":39,"column":0},"end":{"line":39,"column":13}},"39":{"start":{"line":40,"column":0},"end":{"line":40,"column":62}},"40":{"start":{"line":41,"column":0},"end":{"line":41,"column":31}},"41":{"start":{"line":42,"column":0},"end":{"line":42,"column":82}},"42":{"start":{"line":43,"column":0},"end":{"line":43,"column":29}},"43":{"start":{"line":44,"column":0},"end":{"line":44,"column":25}},"44":{"start":{"line":45,"column":0},"end":{"line":45,"column":30}},"45":{"start":{"line":46,"column":0},"end":{"line":46,"column":9}},"46":{"start":{"line":47,"column":0},"end":{"line":47,"column":5}},"47":{"start":{"line":48,"column":0},"end":{"line":48,"column":0}},"48":{"start":{"line":49,"column":0},"end":{"line":49,"column":12}},"49":{"start":{"line":50,"column":0},"end":{"line":50,"column":35}},"50":{"start":{"line":51,"column":0},"end":{"line":51,"column":45}},"51":{"start":{"line":52,"column":0},"end":{"line":52,"column":0}},"52":{"start":{"line":53,"column":0},"end":{"line":53,"column":158}},"53":{"start":{"line":54,"column":0},"end":{"line":54,"column":0}},"54":{"start":{"line":55,"column":0},"end":{"line":55,"column":165}},"55":{"start":{"line":56,"column":0},"end":{"line":56,"column":0}},"56":{"start":{"line":57,"column":0},"end":{"line":57,"column":85}},"57":{"start":{"line":58,"column":0},"end":{"line":58,"column":14}},"58":{"start":{"line":59,"column":0},"end":{"line":59,"column":5}},"59":{"start":{"line":60,"column":0},"end":{"line":60,"column":1}},"60":{"start":{"line":61,"column":0},"end":{"line":61,"column":0}},"61":{"start":{"line":62,"column":0},"end":{"line":62,"column":30}}},"s":{"0":1,"1":1,"2":1,"3":1,"4":1,"5":1,"6":1,"7":1,"8":1,"9":1,"10":1,"11":10,"12":10,"13":10,"14":10,"15":10,"16":10,"17":10,"18":6,"19":6,"20":6,"21":10,"22":10,"23":1,"24":1,"25":0,"26":0,"27":1,"28":0,"29":1,"30":1,"31":1,"32":0,"33":0,"34":1,"35":1,"36":10,"37":10,"38":2,"39":2,"40":2,"41":1,"42":1,"43":1,"44":1,"45":1,"46":2,"47":10,"48":10,"49":10,"50":10,"51":10,"52":10,"53":10,"54":10,"55":10,"56":10,"57":10,"58":10,"59":10,"60":1,"61":1},"branchMap":{"0":{"type":"branch","line":11,"loc":{"start":{"line":11,"column":33},"end":{"line":60,"column":1}},"locations":[{"start":{"line":11,"column":33},"end":{"line":60,"column":1}}]},"1":{"type":"branch","line":18,"loc":{"start":{"line":18,"column":29},"end":{"line":21,"column":5}},"locations":[{"start":{"line":18,"column":29},"end":{"line":21,"column":5}}]},"2":{"type":"branch","line":20,"loc":{"start":{"line":20,"column":20},"end":{"line":20,"column":72}},"locations":[{"start":{"line":20,"column":20},"end":{"line":20,"column":72}}]},"3":{"type":"branch","line":23,"loc":{"start":{"line":23,"column":24},"end":{"line":36,"column":5}},"locations":[{"start":{"line":23,"column":24},"end":{"line":36,"column":5}}]},"4":{"type":"branch","line":25,"loc":{"start":{"line":25,"column":46},"end":{"line":27,"column":9}},"locations":[{"start":{"line":25,"column":46},"end":{"line":27,"column":9}}]},"5":{"type":"branch","line":28,"loc":{"start":{"line":28,"column":41},"end":{"line":30,"column":15}},"locations":[{"start":{"line":28,"column":41},"end":{"line":30,"column":15}}]},"6":{"type":"branch","line":32,"loc":{"start":{"line":32,"column":8},"end":{"line":34,"column":9}},"locations":[{"start":{"line":32,"column":8},"end":{"line":34,"column":9}}]},"7":{"type":"branch","line":38,"loc":{"start":{"line":38,"column":24},"end":{"line":47,"column":5}},"locations":[{"start":{"line":38,"column":24},"end":{"line":47,"column":5}}]},"8":{"type":"branch","line":41,"loc":{"start":{"line":41,"column":25},"end":{"line":46,"column":9}},"locations":[{"start":{"line":41,"column":25},"end":{"line":46,"column":9}}]},"9":{"type":"branch","line":53,"loc":{"start":{"line":53,"column":128},"end":{"line":53,"column":158}},"locations":[{"start":{"line":53,"column":128},"end":{"line":53,"column":158}}]},"10":{"type":"branch","line":55,"loc":{"start":{"line":55,"column":135},"end":{"line":55,"column":165}},"locations":[{"start":{"line":55,"column":135},"end":{"line":55,"column":165}}]},"11":{"type":"branch","line":57,"loc":{"start":{"line":57,"column":43},"end":{"line":57,"column":64}},"locations":[{"start":{"line":57,"column":43},"end":{"line":57,"column":64}}]}},"b":{"0":[10],"1":[6],"2":[6],"3":[1],"4":[0],"5":[0],"6":[0],"7":[2],"8":[1],"9":[3],"10":[3],"11":[2]},"fnMap":{"0":{"name":"LoginComponent","decl":{"start":{"line":11,"column":33},"end":{"line":60,"column":1}},"loc":{"start":{"line":11,"column":33},"end":{"line":60,"column":1}},"line":11},"1":{"name":"handleFormChange","decl":{"start":{"line":18,"column":29},"end":{"line":21,"column":5}},"loc":{"start":{"line":18,"column":29},"end":{"line":21,"column":5}},"line":18},"2":{"name":"handleError","decl":{"start":{"line":23,"column":24},"end":{"line":36,"column":5}},"loc":{"start":{"line":23,"column":24},"end":{"line":36,"column":5}},"line":23},"3":{"name":"handleLogin","decl":{"start":{"line":38,"column":24},"end":{"line":47,"column":5}},"loc":{"start":{"line":38,"column":24},"end":{"line":47,"column":5}},"line":38},"4":{"name":"onChange","decl":{"start":{"line":53,"column":128},"end":{"line":53,"column":158}},"loc":{"start":{"line":53,"column":128},"end":{"line":53,"column":158}},"line":53},"5":{"name":"onChange","decl":{"start":{"line":55,"column":135},"end":{"line":55,"column":165}},"loc":{"start":{"line":55,"column":135},"end":{"line":55,"column":165}},"line":55},"6":{"name":"onClick","decl":{"start":{"line":57,"column":43},"end":{"line":57,"column":64}},"loc":{"start":{"line":57,"column":43},"end":{"line":57,"column":64}},"line":57}},"f":{"0":10,"1":6,"2":1,"3":2,"4":3,"5":3,"6":2}}
,"D:\\Projects\\Node\\DesafioNode\\frontend\\src\\validation\\create-financial-post.schema.ts": {"path":"D:\\Projects\\Node\\DesafioNode\\frontend\\src\\validation\\create-financial-post.schema.ts","all":false,"statementMap":{"0":{"start":{"line":1,"column":0},"end":{"line":1,"column":63}},"1":{"start":{"line":2,"column":0},"end":{"line":2,"column":73}},"2":{"start":{"line":3,"column":0},"end":{"line":3,"column":0}},"3":{"start":{"line":4,"column":0},"end":{"line":4,"column":49}},"4":{"start":{"line":5,"column":0},"end":{"line":5,"column":44}},"5":{"start":{"line":6,"column":0},"end":{"line":6,"column":32}},"6":{"start":{"line":7,"column":0},"end":{"line":7,"column":96}},"7":{"start":{"line":8,"column":0},"end":{"line":8,"column":3}},"8":{"start":{"line":9,"column":0},"end":{"line":9,"column":0}},"9":{"start":{"line":10,"column":0},"end":{"line":10,"column":82}}},"s":{"0":1,"1":1,"2":1,"3":1,"4":1,"5":1,"6":1,"7":1,"8":1,"9":1},"branchMap":{},"b":{},"fnMap":{},"f":{}}
,"D:\\Projects\\Node\\DesafioNode\\frontend\\src\\validation\\login.schema.ts": {"path":"D:\\Projects\\Node\\DesafioNode\\frontend\\src\\validation\\login.schema.ts","all":false,"statementMap":{"0":{"start":{"line":1,"column":0},"end":{"line":1,"column":48}},"1":{"start":{"line":2,"column":0},"end":{"line":2,"column":0}},"2":{"start":{"line":3,"column":0},"end":{"line":3,"column":35}},"3":{"start":{"line":4,"column":0},"end":{"line":4,"column":39}},"4":{"start":{"line":5,"column":0},"end":{"line":5,"column":40}},"5":{"start":{"line":6,"column":0},"end":{"line":6,"column":3}},"6":{"start":{"line":7,"column":0},"end":{"line":7,"column":0}},"7":{"start":{"line":8,"column":0},"end":{"line":8,"column":54}}},"s":{"0":1,"1":1,"2":1,"3":1,"4":1,"5":1,"6":1,"7":1},"branchMap":{},"b":{},"fnMap":{},"f":{}}
}
