TN:
SF:src\enum\financial-post-type.enum.ts
FNF:0
FNH:0
DA:1,1
DA:2,1
DA:3,1
DA:4,1
LF:4
LH:4
BRDA:1,0,0,1
BRF:1
BRH:1
end_of_record
TN:
SF:src\pages\financial-post\index.tsx
FN:18,FinancialPostComponent
FN:26,handleFormChange
FN:31,handleError
FN:46,handleCreate
FN:59,onClick
FN:61,onClick
FN:69,onChange
FN:71,onValueChange
FN:73,onChange
FNF:9
FNH:5
FNDA:5,FinancialPostComponent
FNDA:2,handleFormChange
FNDA:0,handleError
FNDA:2,handleCreate
FNDA:2,onClick
FNDA:0,onClick
FNDA:2,onChange
FNDA:0,onValueChange
FNDA:0,onChange
DA:1,1
DA:2,1
DA:3,1
DA:4,1
DA:5,1
DA:6,1
DA:7,1
DA:8,1
DA:9,1
DA:10,1
DA:11,1
DA:12,1
DA:13,1
DA:14,1
DA:15,1
DA:16,1
DA:17,1
DA:18,1
DA:19,5
DA:20,5
DA:21,5
DA:22,5
DA:23,5
DA:24,5
DA:25,5
DA:26,5
DA:27,2
DA:28,2
DA:29,2
DA:30,5
DA:31,5
DA:32,0
DA:33,0
DA:34,0
DA:35,0
DA:36,0
DA:37,0
DA:38,0
DA:39,0
DA:40,0
DA:41,0
DA:42,0
DA:43,0
DA:44,0
DA:45,5
DA:46,5
DA:47,2
DA:48,2
DA:49,2
DA:50,2
DA:51,2
DA:52,2
DA:53,0
DA:54,0
DA:55,2
DA:56,5
DA:57,5
DA:58,5
DA:59,5
DA:60,5
DA:61,5
DA:62,5
DA:63,5
DA:64,5
DA:65,5
DA:66,5
DA:67,5
DA:68,5
DA:69,5
DA:70,5
DA:71,5
DA:72,5
DA:73,5
DA:74,5
DA:75,5
DA:76,5
DA:77,5
DA:78,5
DA:79,5
DA:80,1
DA:81,1
LF:81
LH:66
BRDA:18,0,0,5
BRDA:26,1,0,2
BRDA:28,2,0,2
BRDA:46,3,0,2
BRDA:52,4,0,0
BRDA:59,5,0,2
BRDA:69,6,0,2
BRF:7
BRH:6
end_of_record
TN:
SF:src\pages\login\index.tsx
FN:11,LoginComponent
FN:18,handleFormChange
FN:23,handleError
FN:38,handleLogin
FN:53,onChange
FN:55,onChange
FN:57,onClick
FNF:7
FNH:7
FNDA:10,LoginComponent
FNDA:6,handleFormChange
FNDA:1,handleError
FNDA:2,handleLogin
FNDA:3,onChange
FNDA:3,onChange
FNDA:2,onClick
DA:1,1
DA:2,1
DA:3,1
DA:4,1
DA:5,1
DA:6,1
DA:7,1
DA:8,1
DA:9,1
DA:10,1
DA:11,1
DA:12,10
DA:13,10
DA:14,10
DA:15,10
DA:16,10
DA:17,10
DA:18,10
DA:19,6
DA:20,6
DA:21,6
DA:22,10
DA:23,10
DA:24,1
DA:25,1
DA:26,0
DA:27,0
DA:28,1
DA:29,0
DA:30,1
DA:31,1
DA:32,1
DA:33,0
DA:34,0
DA:35,1
DA:36,1
DA:37,10
DA:38,10
DA:39,2
DA:40,2
DA:41,2
DA:42,1
DA:43,1
DA:44,1
DA:45,1
DA:46,1
DA:47,2
DA:48,10
DA:49,10
DA:50,10
DA:51,10
DA:52,10
DA:53,10
DA:54,10
DA:55,10
DA:56,10
DA:57,10
DA:58,10
DA:59,10
DA:60,10
DA:61,1
DA:62,1
LF:62
LH:57
BRDA:11,0,0,10
BRDA:18,1,0,6
BRDA:20,2,0,6
BRDA:23,3,0,1
BRDA:25,4,0,0
BRDA:28,5,0,0
BRDA:32,6,0,0
BRDA:38,7,0,2
BRDA:41,8,0,1
BRDA:53,9,0,3
BRDA:55,10,0,3
BRDA:57,11,0,2
BRF:12
BRH:9
end_of_record
TN:
SF:src\validation\create-financial-post.schema.ts
FNF:0
FNH:0
DA:1,1
DA:2,1
DA:3,1
DA:4,1
DA:5,1
DA:6,1
DA:7,1
DA:8,1
DA:9,1
DA:10,1
LF:10
LH:10
BRF:0
BRH:0
end_of_record
TN:
SF:src\validation\login.schema.ts
FNF:0
FNH:0
DA:1,1
DA:2,1
DA:3,1
DA:4,1
DA:5,1
DA:6,1
DA:7,1
DA:8,1
LF:8
LH:8
BRF:0
BRH:0
end_of_record
